[2024-05-13 00:52:13.909] [info] Updating Model file from 40000 to latest format...
[2024-05-13 00:52:13.982] [info] Loaded model Subject-test from file D:\WorkDirectory\Rehab_Project\Bilateral Upper Extremity Trunk Model.osim
[2024-05-13 00:55:08.626] [warning] Running tool Subject-test...
[2024-05-13 00:55:08.626] [info] No external loads will be applied (external loads file not specified).
[2024-05-13 00:55:08.734] [cout] [info] MODEL: Subject-test

numStates = 1054
numCoordinates = 54
numSpeeds = 54
numActuators = 473
numBodies = 32
numConstraints = 17
numProbes = 0

ANALYSES (total: 2)
analysis[0] = Un-named analysis.
analysis[1] = Un-named analysis.

BODIES (total: 32)
body[0] = pelvis. mass: 11.777
              moments of inertia:  ~[0.1028,0.0871,0.0579]
              products of inertia: ~[0,0,0]
body[1] = sacrum. mass: 0
              moments of inertia:  ~[0,0,0]
              products of inertia: ~[0,0,0]
body[2] = femur_r. mass: 9.3014
              moments of inertia:  ~[0.1339,0.0351,0.1412]
              products of inertia: ~[0,0,0]
body[3] = femur_l. mass: 9.3014
              moments of inertia:  ~[0.1339,0.0351,0.1412]
              products of inertia: ~[0,0,0]
body[4] = lumbar5. mass: 1.824
              moments of inertia:  ~[0.178216,0.0217274,0.171486]
              products of inertia: ~[0,0,0]
body[5] = lumbar4. mass: 1.799
              moments of inertia:  ~[0.171208,0.0206792,0.165178]
              products of inertia: ~[0,0,0]
body[6] = lumbar3. mass: 1.67
              moments of inertia:  ~[0.157697,0.0199107,0.152447]
              products of inertia: ~[0,0,0]
body[7] = lumbar2. mass: 1.689
              moments of inertia:  ~[0.162705,0.0219751,0.157705]
              products of inertia: ~[0,0,0]
body[8] = lumbar1. mass: 1.677
              moments of inertia:  ~[0.162657,0.0241312,0.157927]
              products of inertia: ~[0,0,0]
body[9] = torso. mass: 16.7849
              moments of inertia:  ~[1.19239,0.513346,1.1632]
              products of inertia: ~[0,0,0]
body[10] = Abdomen. mass: 0.001
              moments of inertia:  ~[1.78e-06,5.8e-07,1.36e-06]
              products of inertia: ~[0,0,0]
body[11] = LB_wrap. mass: 0.001
              moments of inertia:  ~[6.85833e-06,6.85833e-06,2.45e-06]
              products of inertia: ~[0,0,0]
body[12] = clavicle_1. mass: 0
              moments of inertia:  ~[0,0,0]
              products of inertia: ~[0,0,0]
body[13] = clavicle_2. mass: 0
              moments of inertia:  ~[0,0,0]
              products of inertia: ~[0,0,0]
body[14] = clavicle_r. mass: 0.189773
              moments of inertia:  ~[0.000267674,0.000267674,4.90132e-05]
              products of inertia: ~[-2.09426e-05,-7.71723e-05,5.92606e-05]
body[15] = scapula_1. mass: 0
              moments of inertia:  ~[0,0,0]
              products of inertia: ~[0,0,0]
body[16] = scapula_2. mass: 0
              moments of inertia:  ~[0,0,0]
              products of inertia: ~[0,0,0]
body[17] = scapula_r. mass: 0.501599
              moments of inertia:  ~[0.000885669,0.00081934,0.000885669]
              products of inertia: ~[0.0003202,0.000291543,0.000171793]
body[18] = humerus_r. mass: 2.0325
              moments of inertia:  ~[0.011946,0.004121,0.013409]
              products of inertia: ~[0,0,0]
body[19] = ulna_r. mass: 0.6075
              moments of inertia:  ~[0.002962,0.000618,0.003213]
              products of inertia: ~[0,0,0]
body[20] = radius_r. mass: 0.6075
              moments of inertia:  ~[0.002962,0.000618,0.003213]
              products of inertia: ~[0,0,0]
body[21] = hand_r. mass: 0.4575
              moments of inertia:  ~[0.000892,0.000547,0.00134]
              products of inertia: ~[0,0,0]
body[22] = clavicle_l_1. mass: 0
              moments of inertia:  ~[0,0,0]
              products of inertia: ~[0,0,0]
body[23] = clavicle_l_2. mass: 0
              moments of inertia:  ~[0,0,0]
              products of inertia: ~[0,0,0]
body[24] = clavicle_l. mass: 0.189773
              moments of inertia:  ~[0.000267674,0.000267674,4.90132e-05]
              products of inertia: ~[-2.09426e-05,7.71723e-05,-5.92606e-05]
body[25] = scapula_l_1. mass: 0
              moments of inertia:  ~[0,0,0]
              products of inertia: ~[0,0,0]
body[26] = scapula_l_2. mass: 0
              moments of inertia:  ~[0,0,0]
              products of inertia: ~[0,0,0]
body[27] = scapula_l. mass: 0.501599
              moments of inertia:  ~[0.000885669,0.00081934,0.000885669]
              products of inertia: ~[0.0003202,-0.000291543,-0.000171793]
body[28] = humerus_l. mass: 2.0325
              moments of inertia:  ~[0.011946,0.004121,0.013409]
              products of inertia: ~[0,0,0]
body[29] = ulna_l. mass: 0.6075
              moments of inertia:  ~[0.002962,0.000618,0.003213]
              products of inertia: ~[0,0,0]
body[30] = radius_l. mass: 0.6075
              moments of inertia:  ~[0.002962,0.000618,0.003213]
              products of inertia: ~[0,0,0]
body[31] = hand_l. mass: 0.4575
              moments of inertia:  ~[0.000892,0.000547,0.00134]
              products of inertia: ~[0,0,0]

JOINTS (total: 32)
joint[0] = ground_pelvis. parent: ground_offset, child: pelvis_offset
joint[1] = sacrumjnt. parent: pelvis_offset, child: sacrum_offset
joint[2] = hip_r. parent: pelvis_offset, child: femur_r_offset
joint[3] = hip_l. parent: pelvis_offset, child: femur_l_offset
joint[4] = L5_S1_IVDjnt. parent: sacrum_offset, child: lumbar5_offset
joint[5] = L4_L5_IVDjnt. parent: lumbar5_offset, child: lumbar4_offset
joint[6] = L3_L4_IVDjnt. parent: lumbar4_offset, child: lumbar3_offset
joint[7] = L2_L3_IVD_jnt. parent: lumbar3_offset, child: lumbar2_offset
joint[8] = L1_L2_IVD_jnt. parent: lumbar2_offset, child: lumbar1_offset
joint[9] = Torsojnt. parent: lumbar1_offset, child: torso_offset
joint[10] = Abdjnt. parent: sacrum_offset, child: Abdomen_offset
joint[11] = LB_wrapjnt. parent: sacrum_offset, child: LB_wrap_offset
joint[12] = sc1. parent: torso_offset, child: clavicle_1_offset
joint[13] = sc2. parent: clavicle_1_offset, child: clavicle_2_offset
joint[14] = sc3. parent: clavicle_2_offset, child: clavicle_r_offset
joint[15] = AC1. parent: clavicle_r_offset, child: scapula_1_offset
joint[16] = AC2. parent: scapula_1_offset, child: scapula_2_offset
joint[17] = AC3. parent: scapula_2_offset, child: scapula_r_offset
joint[18] = sc1_l. parent: torso_offset, child: clavicle_l_1_offset
joint[19] = sc2_l. parent: clavicle_l_1_offset, child: clavicle_l_2_offset
joint[20] = sc3_l. parent: clavicle_l_2_offset, child: clavicle_l_offset
joint[21] = AC1_l. parent: clavicle_l_offset, child: scapula_l_1_offset
joint[22] = AC2_l. parent: scapula_l_1_offset, child: scapula_l_2_offset
joint[23] = AC3_l. parent: scapula_l_2_offset, child: scapula_l_offset
joint[24] = acromial_r. parent: scapula_r_offset, child: humerus_r_offset
joint[25] = elbow_r. parent: humerus_r_offset, child: ulna_r_offset
joint[26] = radioulnar_r. parent: ulna_r_offset, child: radius_r_offset
joint[27] = radius_hand_r. parent: radius_r_offset, child: hand_r_offset
joint[28] = acromial_l. parent: scapula_l_offset, child: humerus_l_offset
joint[29] = elbow_l. parent: humerus_l_offset, child: ulna_l_offset
joint[30] = radioulnar_l. parent: ulna_l_offset, child: radius_l_offset
joint[31] = radius_hand_l. parent: radius_l_offset, child: hand_l_offset

ACTUATORS (total: 473)
actuator[0] = delt_scap_1
actuator[1] = delt_scap_2
actuator[2] = delt_scap_3
actuator[3] = delt_scap_4
actuator[4] = delt_scap_5
actuator[5] = delt_scap_6
actuator[6] = delt_scap_7
actuator[7] = delt_scap_8
actuator[8] = delt_scap_9
actuator[9] = delt_scap10
actuator[10] = delt_scap11
actuator[11] = delt_clav_1
actuator[12] = delt_clav_2
actuator[13] = delt_clav_3
actuator[14] = delt_clav_4
actuator[15] = tric_long_1
actuator[16] = tric_long_2
actuator[17] = tric_long_3
actuator[18] = tric_long_4
actuator[19] = tric_med_1
actuator[20] = tric_med_2
actuator[21] = tric_med_3
actuator[22] = tric_med_4
actuator[23] = tric_med_5
actuator[24] = tric_lat_1
actuator[25] = tric_lat_2
actuator[26] = tric_lat_3
actuator[27] = tric_lat_4
actuator[28] = tric_lat_5
actuator[29] = bic_l
actuator[30] = bic_s
actuator[31] = coracobr_1
actuator[32] = coracobr_2
actuator[33] = coracobr_3
actuator[34] = brachialis_1
actuator[35] = brachialis_2
actuator[36] = brachialis_3
actuator[37] = brachialis_4
actuator[38] = brachialis_5
actuator[39] = brachialis_6
actuator[40] = brachialis_7
actuator[41] = brachiorad_1
actuator[42] = brachiorad_2
actuator[43] = brachiorad_3
actuator[44] = pron_teres_1
actuator[45] = pron_teres_2
actuator[46] = pron_quad_1
actuator[47] = pron_quad_2
actuator[48] = pron_quad_3
actuator[49] = anconeus_1
actuator[50] = anconeus_2
actuator[51] = anconeus_3
actuator[52] = anconeus_4
actuator[53] = anconeus_5
actuator[54] = supinator_1
actuator[55] = supinator_2
actuator[56] = supinator_3
actuator[57] = supinator_4
actuator[58] = supinator_5
actuator[59] = trap_scap_1
actuator[60] = trap_scap_2
actuator[61] = trap_scap_3
actuator[62] = trap_scap_4
actuator[63] = trap_scap_5
actuator[64] = trap_scap_6
actuator[65] = trap_scap_7
actuator[66] = trap_scap_8
actuator[67] = trap_scap_9
actuator[68] = trap_scap10
actuator[69] = trap_scap11
actuator[70] = ter_min_1
actuator[71] = ter_min_2
actuator[72] = ter_min_3
actuator[73] = ter_maj_1
actuator[74] = ter_maj_2
actuator[75] = ter_maj_3
actuator[76] = ter_maj_4
actuator[77] = supra_1
actuator[78] = supra_2
actuator[79] = supra_3
actuator[80] = supra_4
actuator[81] = infra_1
actuator[82] = infra_2
actuator[83] = infra_3
actuator[84] = infra_4
actuator[85] = infra_5
actuator[86] = infra_6
actuator[87] = trap_scap_1_l
actuator[88] = trap_scap_2_l
actuator[89] = trap_scap_3_l
actuator[90] = trap_scap_4_l
actuator[91] = trap_scap_5_l
actuator[92] = trap_scap_6_l
actuator[93] = trap_scap_7_l
actuator[94] = trap_scap_8_l
actuator[95] = trap_scap_9_l
actuator[96] = trap_scap10_l
actuator[97] = trap_scap11_l
actuator[98] = ter_min_1_l
actuator[99] = ter_min_2_l
actuator[100] = ter_min_3_l
actuator[101] = ter_maj_1_l
actuator[102] = ter_maj_2_l
actuator[103] = ter_maj_3_l
actuator[104] = ter_maj_4_l
actuator[105] = supra_1_l
actuator[106] = supra_2_l
actuator[107] = supra_3_l
actuator[108] = supra_4_l
actuator[109] = infra_1_l
actuator[110] = infra_2_l
actuator[111] = infra_3_l
actuator[112] = infra_4_l
actuator[113] = infra_5_l
actuator[114] = infra_6_l
actuator[115] = delt_scap_1_l
actuator[116] = delt_scap_2_l
actuator[117] = delt_scap_3_l
actuator[118] = delt_scap_4_l
actuator[119] = delt_scap_5_l
actuator[120] = delt_scap_6_l
actuator[121] = delt_scap_7_l
actuator[122] = delt_scap_8_l
actuator[123] = delt_scap_9_l
actuator[124] = delt_scap10_l
actuator[125] = delt_scap11_l
actuator[126] = delt_clav_1_l
actuator[127] = delt_clav_2_l
actuator[128] = delt_clav_3_l
actuator[129] = delt_clav_4_l
actuator[130] = tric_long_1_l
actuator[131] = tric_long_2_l
actuator[132] = tric_long_3_l
actuator[133] = tric_long_4_l
actuator[134] = tric_med_1_l
actuator[135] = tric_med_2_l
actuator[136] = tric_med_3_l
actuator[137] = tric_med_4_l
actuator[138] = tric_med_5_l
actuator[139] = tric_lat_1_l
actuator[140] = tric_lat_2_l
actuator[141] = tric_lat_3_l
actuator[142] = tric_lat_4_l
actuator[143] = tric_lat_5_l
actuator[144] = bic_l_l
actuator[145] = bic_s_l
actuator[146] = brachiorad_1_l
actuator[147] = brachiorad_2_l
actuator[148] = brachiorad_3_l
actuator[149] = brachialis_1_l
actuator[150] = brachialis_2_l
actuator[151] = brachialis_3_l
actuator[152] = brachialis_4_l
actuator[153] = brachialis_5_l
actuator[154] = brachialis_6_l
actuator[155] = brachialis_7_l
actuator[156] = anconeus_1_l
actuator[157] = anconeus_2_l
actuator[158] = anconeus_3_l
actuator[159] = anconeus_4_l
actuator[160] = anconeus_5_l
actuator[161] = pron_quad_1_l
actuator[162] = pron_quad_2_l
actuator[163] = pron_quad_3_l
actuator[164] = pron_teres_1_l
actuator[165] = pron_teres_2_l
actuator[166] = supinator_1_l
actuator[167] = supinator_2_l
actuator[168] = supinator_3_l
actuator[169] = supinator_4_l
actuator[170] = supinator_5_l
actuator[171] = coracobr_1_l
actuator[172] = coracobr_2_l
actuator[173] = coracobr_3_l
actuator[174] = rhomboid_1
actuator[175] = rhomboid_2
actuator[176] = rhomboid_3
actuator[177] = rhomboid_4
actuator[178] = rhomboid_5
actuator[179] = rhomboid_1_l
actuator[180] = rhomboid_2_l
actuator[181] = rhomboid_3_l
actuator[182] = rhomboid_4_l
actuator[183] = rhomboid_5_l
actuator[184] = lev_scap_1
actuator[185] = lev_scap_2
actuator[186] = lev_scap_1_l
actuator[187] = lev_scap_2_l
actuator[188] = subscap_1
actuator[189] = subscap_2
actuator[190] = subscap_3
actuator[191] = subscap_4
actuator[192] = subscap_5
actuator[193] = subscap_6
actuator[194] = subscap_7
actuator[195] = subscap_8
actuator[196] = subscap_9
actuator[197] = subscap10
actuator[198] = subscap11
actuator[199] = subscap_1_l
actuator[200] = subscap_2_l
actuator[201] = subscap_3_l
actuator[202] = subscap_4_l
actuator[203] = subscap_5_l
actuator[204] = subscap_6_l
actuator[205] = subscap_7_l
actuator[206] = subscap_8_l
actuator[207] = subscap_9_l
actuator[208] = subscap10_l
actuator[209] = subscap11_l
actuator[210] = pect_min_1
actuator[211] = pect_min_2
actuator[212] = pect_min_3
actuator[213] = pect_min_4
actuator[214] = pect_maj_t_1
actuator[215] = pect_maj_t_2
actuator[216] = pect_maj_t_3
actuator[217] = pect_maj_t_4
actuator[218] = pect_maj_t_5
actuator[219] = pect_maj_t_6
actuator[220] = pect_maj_c_1
actuator[221] = pect_maj_c_2
actuator[222] = pect_min_1_l
actuator[223] = pect_min_2_l
actuator[224] = pect_min_3_l
actuator[225] = pect_min_4_l
actuator[226] = pect_maj_t_1_l
actuator[227] = pect_maj_t_2_l
actuator[228] = pect_maj_t_3_l
actuator[229] = pect_maj_t_4_l
actuator[230] = pect_maj_t_5_l
actuator[231] = pect_maj_t_6_l
actuator[232] = pect_maj_c_1_l
actuator[233] = pect_maj_c_2_l
actuator[234] = rect_abd_r
actuator[235] = rect_abd_l
actuator[236] = LD_L1_r
actuator[237] = LD_L2_r
actuator[238] = LD_L3_r
actuator[239] = LD_L4_r
actuator[240] = LD_L5_r
actuator[241] = LD_T12_r
actuator[242] = LD_T11_r
actuator[243] = LD_T10_r
actuator[244] = LD_T9_r
actuator[245] = LD_T8_r
actuator[246] = LD_T7_r
actuator[247] = LD_R12_r
actuator[248] = LD_R11_r
actuator[249] = LD_Il_r
actuator[250] = Ps_L1_VB_r
actuator[251] = Ps_L1_TP_r
actuator[252] = Ps_L1_L2_IVD_r
actuator[253] = Ps_L2_TP_r
actuator[254] = Ps_L2_L3_IVD_r
actuator[255] = Ps_L3_TP_r
actuator[256] = Ps_L3_L4_IVD_r
actuator[257] = Ps_L4_TP_r
actuator[258] = Ps_L4_L5_IVD_r
actuator[259] = Ps_L5_TP_r
actuator[260] = Ps_L5_VB_r
actuator[261] = QL_post_I_1-L3_r
actuator[262] = QL_post_I_2-L4_r
actuator[263] = QL_post_I_2-L3_r
actuator[264] = QL_post_I_2-L2_r
actuator[265] = QL_post_I_3-L1_r
actuator[266] = QL_post_I_3-L2_r
actuator[267] = QL_post_I_3-L3_r
actuator[268] = QL_mid_L3-12_3_r
actuator[269] = QL_mid_L3-12_2_r
actuator[270] = QL_mid_L3-12_1_r
actuator[271] = QL_mid_L2-12_1_r
actuator[272] = QL_mid_L4-12_3_r
actuator[273] = QL_ant_I_2-T12_r
actuator[274] = QL_ant_I_3-T12_r
actuator[275] = QL_ant_I_2-12_1_r
actuator[276] = QL_ant_I_3-12_1_r
actuator[277] = QL_ant_I_3-12_2_r
actuator[278] = QL_ant_I_3-12_3_r
actuator[279] = MF_m1s_r
actuator[280] = MF_m1t_1_r
actuator[281] = MF_m1t_2_r
actuator[282] = MF_m1t_3_r
actuator[283] = MF_m2s_r
actuator[284] = MF_m2t_1_r
actuator[285] = MF_m2t_2_r
actuator[286] = MF_m2t_3_r
actuator[287] = MF_m3s_r
actuator[288] = MF_m3t_1_r
actuator[289] = MF_m3t_2_r
actuator[290] = MF_m3t_3_r
actuator[291] = MF_m4s_r
actuator[292] = MF_m4t_1_r
actuator[293] = MF_m4t_2_r
actuator[294] = MF_m4t_3_r
actuator[295] = MF_m5s_r
actuator[296] = MF_m5t_1_r
actuator[297] = MF_m5t_2_r
actuator[298] = MF_m5t_3_r
actuator[299] = MF_m1_laminar_r
actuator[300] = MF_m2_laminar_r
actuator[301] = MF_m3_laminar_r
actuator[302] = MF_m4_laminar_r
actuator[303] = MF_m5_laminar_r
actuator[304] = IL_L1_r
actuator[305] = IL_L2_r
actuator[306] = IL_L3_r
actuator[307] = IL_L4_r
actuator[308] = IL_R5_r
actuator[309] = IL_R6_r
actuator[310] = IL_R7_r
actuator[311] = IL_R8_r
actuator[312] = IL_R9_r
actuator[313] = IL_R10_r
actuator[314] = IL_R11_r
actuator[315] = IL_R12_r
actuator[316] = LTpT_T1_r
actuator[317] = LTpT_T2_r
actuator[318] = LTpT_T3_r
actuator[319] = LTpT_T4_r
actuator[320] = LTpT_T5_r
actuator[321] = LTpT_T6_r
actuator[322] = LTpT_T7_r
actuator[323] = LTpT_T8_r
actuator[324] = LTpT_T9_r
actuator[325] = LTpT_T10_r
actuator[326] = LTpT_T11_r
actuator[327] = LTpT_T12_r
actuator[328] = LTpT_R4_r
actuator[329] = LTpT_R5_r
actuator[330] = LTpT_R6_r
actuator[331] = LTpT_R7_r
actuator[332] = LTpT_R8_r
actuator[333] = LTpT_R9_r
actuator[334] = LTpT_R10_r
actuator[335] = LTpT_R11_r
actuator[336] = LTpT_R12_r
actuator[337] = LTpL_L5_r
actuator[338] = LTpL_L4_r
actuator[339] = LTpL_L3_r
actuator[340] = LTpL_L2_r
actuator[341] = LTpL_L1_r
actuator[342] = EO1_r
actuator[343] = EO2_r
actuator[344] = EO3_r
actuator[345] = EO4_r
actuator[346] = EO5_r
actuator[347] = EO6_r
actuator[348] = IO1_r
actuator[349] = IO2_r
actuator[350] = IO3_r
actuator[351] = IO4_r
actuator[352] = IO5_r
actuator[353] = IO6_r
actuator[354] = rect_abd_l_0
actuator[355] = Ps_L1_VB_l
actuator[356] = Ps_L1_TP_l
actuator[357] = Ps_L1_L2_IVD_l
actuator[358] = Ps_L2_TP_l
actuator[359] = Ps_L2_L3_IVD_l
actuator[360] = Ps_L3_TP_l
actuator[361] = Ps_L3_L4_IVD_l
actuator[362] = Ps_L4_TP_l
actuator[363] = Ps_L4_L5_IVD_l
actuator[364] = Ps_L5_TP_l
actuator[365] = Ps_L5_VB_l
actuator[366] = QL_post_I_1-L3_l
actuator[367] = QL_post_I_2-L4_l
actuator[368] = QL_post_I_2-L3_l
actuator[369] = QL_post_I_2-L2_l
actuator[370] = QL_post_I_3-L1_l
actuator[371] = QL_post_I_3-L2_l
actuator[372] = QL_post_I_3-L3_l
actuator[373] = QL_mid_L3-12_3_l
actuator[374] = QL_mid_L3-12_2_l
actuator[375] = QL_mid_L3-12_1_l
actuator[376] = QL_mid_L2-12_1_l
actuator[377] = QL_mid_L4-12_3_l
actuator[378] = QL_ant_I_2-T12_l
actuator[379] = QL_ant_I_3-T12_l
actuator[380] = QL_ant_I_2-12_1_l
actuator[381] = QL_ant_I_3-12_1_l
actuator[382] = QL_ant_I_3-12_2_l
actuator[383] = QL_ant_I_3-12_3_l
actuator[384] = MF_m1s_l
actuator[385] = MF_m1t_1_l
actuator[386] = MF_m1t_2_l
actuator[387] = MF_m1t_3_l
actuator[388] = MF_m2s_l
actuator[389] = MF_m2t_1_l
actuator[390] = MF_m2t_2_l
actuator[391] = MF_m2t_3_l
actuator[392] = MF_m3s_l
actuator[393] = MF_m3t_1_l
actuator[394] = MF_m3t_2_l
actuator[395] = MF_m3t_3_l
actuator[396] = MF_m4s_l
actuator[397] = MF_m4t_1_l
actuator[398] = MF_m4t_2_l
actuator[399] = MF_m4t_3_l
actuator[400] = MF_m5s_l
actuator[401] = MF_m5t_1_l
actuator[402] = MF_m5t_2_l
actuator[403] = MF_m5t_3_l
actuator[404] = MF_m1_laminar_l
actuator[405] = MF_m2_laminar_l
actuator[406] = MF_m3_laminar_l
actuator[407] = MF_m4_laminar_l
actuator[408] = MF_m5_laminar_l
actuator[409] = IL_L1_l
actuator[410] = IL_L2_l
actuator[411] = IL_L3_l
actuator[412] = IL_L4_l
actuator[413] = IL_R5_l
actuator[414] = IL_R6_l
actuator[415] = IL_R7_l
actuator[416] = IL_R8_l
actuator[417] = IL_R9_l
actuator[418] = IL_R10_l
actuator[419] = IL_R11_l
actuator[420] = IL_R12_l
actuator[421] = LTpT_T1_l
actuator[422] = LTpT_T2_l
actuator[423] = LTpT_T3_l
actuator[424] = LTpT_T4_l
actuator[425] = LTpT_T5_l
actuator[426] = LTpT_T6_l
actuator[427] = LTpT_T7_l
actuator[428] = LTpT_T8_l
actuator[429] = LTpT_T9_l
actuator[430] = LTpT_T10_l
actuator[431] = LTpT_T11_l
actuator[432] = LTpT_T12_l
actuator[433] = LTpT_R4_l
actuator[434] = LTpT_R5_l
actuator[435] = LTpT_R6_l
actuator[436] = LTpT_R7_l
actuator[437] = LTpT_R8_l
actuator[438] = LTpT_R9_l
actuator[439] = LTpT_R10_l
actuator[440] = LTpT_R11_l
actuator[441] = LTpT_R12_l
actuator[442] = LTpL_L5_l
actuator[443] = LTpL_L4_l
actuator[444] = LTpL_L3_l
actuator[445] = LTpL_L2_l
actuator[446] = LTpL_L1_l
actuator[447] = EO1_l
actuator[448] = EO2_l
actuator[449] = EO3_l
actuator[450] = EO4_l
actuator[451] = EO5_l
actuator[452] = EO6_l
actuator[453] = IO1_l
actuator[454] = IO2_l
actuator[455] = IO3_l
actuator[456] = IO4_l
actuator[457] = IO5_l
actuator[458] = IO6_l
actuator[459] = LD_L1_l
actuator[460] = LD_L2_l
actuator[461] = LD_L3_l
actuator[462] = LD_L4_l
actuator[463] = LD_L5_l
actuator[464] = LD_T12_l
actuator[465] = LD_T11_l
actuator[466] = LD_T10_l
actuator[467] = LD_T9_l
actuator[468] = LD_T8_l
actuator[469] = LD_T7_l
actuator[470] = LD_R12_l
actuator[471] = LD_R11_l
actuator[472] = LD_Il_l

STATES (total: 1054)
y[0] = /jointset/ground_pelvis/pelvis_tilt/value
y[1] = /jointset/ground_pelvis/pelvis_tilt/speed
y[2] = /jointset/ground_pelvis/pelvis_list/value
y[3] = /jointset/ground_pelvis/pelvis_list/speed
y[4] = /jointset/ground_pelvis/pelvis_rotation/value
y[5] = /jointset/ground_pelvis/pelvis_rotation/speed
y[6] = /jointset/ground_pelvis/pelvis_tx/value
y[7] = /jointset/ground_pelvis/pelvis_tx/speed
y[8] = /jointset/ground_pelvis/pelvis_ty/value
y[9] = /jointset/ground_pelvis/pelvis_ty/speed
y[10] = /jointset/ground_pelvis/pelvis_tz/value
y[11] = /jointset/ground_pelvis/pelvis_tz/speed
y[12] = /jointset/hip_r/hip_flexion_r/value
y[13] = /jointset/hip_r/hip_flexion_r/speed
y[14] = /jointset/hip_r/hip_adduction_r/value
y[15] = /jointset/hip_r/hip_adduction_r/speed
y[16] = /jointset/hip_r/hip_rotation_r/value
y[17] = /jointset/hip_r/hip_rotation_r/speed
y[18] = /jointset/hip_l/hip_flexion_l/value
y[19] = /jointset/hip_l/hip_flexion_l/speed
y[20] = /jointset/hip_l/hip_adduction_l/value
y[21] = /jointset/hip_l/hip_adduction_l/speed
y[22] = /jointset/hip_l/hip_rotation_l/value
y[23] = /jointset/hip_l/hip_rotation_l/speed
y[24] = /jointset/L5_S1_IVDjnt/flex_extension/value
y[25] = /jointset/L5_S1_IVDjnt/flex_extension/speed
y[26] = /jointset/L5_S1_IVDjnt/lat_bending/value
y[27] = /jointset/L5_S1_IVDjnt/lat_bending/speed
y[28] = /jointset/L5_S1_IVDjnt/axial_rotation/value
y[29] = /jointset/L5_S1_IVDjnt/axial_rotation/speed
y[30] = /jointset/L4_L5_IVDjnt/L4_L5_IVDjnt_r3/value
y[31] = /jointset/L4_L5_IVDjnt/L4_L5_IVDjnt_r3/speed
y[32] = /jointset/L4_L5_IVDjnt/L4_L5_IVD_bendjnt_r1/value
y[33] = /jointset/L4_L5_IVDjnt/L4_L5_IVD_bendjnt_r1/speed
y[34] = /jointset/L4_L5_IVDjnt/L4_L5_IVD_rotjnt_r2/value
y[35] = /jointset/L4_L5_IVDjnt/L4_L5_IVD_rotjnt_r2/speed
y[36] = /jointset/L3_L4_IVDjnt/L3_L4_IVDjnt_r3/value
y[37] = /jointset/L3_L4_IVDjnt/L3_L4_IVDjnt_r3/speed
y[38] = /jointset/L3_L4_IVDjnt/L3_L4_IVD_bendjnt_r1/value
y[39] = /jointset/L3_L4_IVDjnt/L3_L4_IVD_bendjnt_r1/speed
y[40] = /jointset/L3_L4_IVDjnt/L3_L4_IVD_rotjnt_r2/value
y[41] = /jointset/L3_L4_IVDjnt/L3_L4_IVD_rotjnt_r2/speed
y[42] = /jointset/L2_L3_IVD_jnt/L2_L3_IVDjnt_r3/value
y[43] = /jointset/L2_L3_IVD_jnt/L2_L3_IVDjnt_r3/speed
y[44] = /jointset/L2_L3_IVD_jnt/L2_L3_IVD_bendjnt_r1/value
y[45] = /jointset/L2_L3_IVD_jnt/L2_L3_IVD_bendjnt_r1/speed
y[46] = /jointset/L2_L3_IVD_jnt/L2_L3_IVD_rotjnt_r2/value
y[47] = /jointset/L2_L3_IVD_jnt/L2_L3_IVD_rotjnt_r2/speed
y[48] = /jointset/L1_L2_IVD_jnt/L1_L2_IVDjnt_r3/value
y[49] = /jointset/L1_L2_IVD_jnt/L1_L2_IVDjnt_r3/speed
y[50] = /jointset/L1_L2_IVD_jnt/L1_L2_IVD_bendjnt_r1/value
y[51] = /jointset/L1_L2_IVD_jnt/L1_L2_IVD_bendjnt_r1/speed
y[52] = /jointset/L1_L2_IVD_jnt/L1_L2_IVD_rotjnt_r2/value
y[53] = /jointset/L1_L2_IVD_jnt/L1_L2_IVD_rotjnt_r2/speed
y[54] = /jointset/Torsojnt/Torso_Rot/value
y[55] = /jointset/Torsojnt/Torso_Rot/speed
y[56] = /jointset/Abdjnt/Abs_r3/value
y[57] = /jointset/Abdjnt/Abs_r3/speed
y[58] = /jointset/Abdjnt/Abs_t1/value
y[59] = /jointset/Abdjnt/Abs_t1/speed
y[60] = /jointset/Abdjnt/Abs_t2/value
y[61] = /jointset/Abdjnt/Abs_t2/speed
y[62] = /jointset/LB_wrapjnt/LB_wrapjnt_r3/value
y[63] = /jointset/LB_wrapjnt/LB_wrapjnt_r3/speed
y[64] = /jointset/LB_wrapjnt/LB_wrapjnt_t1/value
y[65] = /jointset/LB_wrapjnt/LB_wrapjnt_t1/speed
y[66] = /jointset/LB_wrapjnt/LB_wrapjnt_t2/value
y[67] = /jointset/LB_wrapjnt/LB_wrapjnt_t2/speed
y[68] = /jointset/sc1/SC_y/value
y[69] = /jointset/sc1/SC_y/speed
y[70] = /jointset/sc2/SC_x/value
y[71] = /jointset/sc2/SC_x/speed
y[72] = /jointset/sc3/SC_z/value
y[73] = /jointset/sc3/SC_z/speed
y[74] = /jointset/sc1_l/SC_y_l/value
y[75] = /jointset/sc1_l/SC_y_l/speed
y[76] = /jointset/sc2_l/SC_x_l/value
y[77] = /jointset/sc2_l/SC_x_l/speed
y[78] = /jointset/sc3_l/SC_z_l/value
y[79] = /jointset/sc3_l/SC_z_l/speed
y[80] = /jointset/acromial_r/arm_flex_r/value
y[81] = /jointset/acromial_r/arm_flex_r/speed
y[82] = /jointset/acromial_r/arm_add_r/value
y[83] = /jointset/acromial_r/arm_add_r/speed
y[84] = /jointset/acromial_r/arm_rot_r/value
y[85] = /jointset/acromial_r/arm_rot_r/speed
y[86] = /jointset/elbow_r/elbow_flex_r/value
y[87] = /jointset/elbow_r/elbow_flex_r/speed
y[88] = /jointset/radioulnar_r/pro_sup_r/value
y[89] = /jointset/radioulnar_r/pro_sup_r/speed
y[90] = /jointset/radius_hand_r/wrist_flex_r/value
y[91] = /jointset/radius_hand_r/wrist_flex_r/speed
y[92] = /jointset/radius_hand_r/wrist_dev_r/value
y[93] = /jointset/radius_hand_r/wrist_dev_r/speed
y[94] = /jointset/acromial_l/arm_flex_l/value
y[95] = /jointset/acromial_l/arm_flex_l/speed
y[96] = /jointset/acromial_l/arm_add_l/value
y[97] = /jointset/acromial_l/arm_add_l/speed
y[98] = /jointset/acromial_l/arm_rot_l/value
y[99] = /jointset/acromial_l/arm_rot_l/speed
y[100] = /jointset/elbow_l/elbow_flex_l/value
y[101] = /jointset/elbow_l/elbow_flex_l/speed
y[102] = /jointset/radioulnar_l/pro_sup_l/value
y[103] = /jointset/radioulnar_l/pro_sup_l/speed
y[104] = /jointset/radius_hand_l/wrist_flex_l/value
y[105] = /jointset/radius_hand_l/wrist_flex_l/speed
y[106] = /jointset/radius_hand_l/wrist_dev_l/value
y[107] = /jointset/radius_hand_l/wrist_dev_l/speed
y[108] = /forceset/delt_scap_1/activation
y[109] = /forceset/delt_scap_1/fiber_length
y[110] = /forceset/delt_scap_2/activation
y[111] = /forceset/delt_scap_2/fiber_length
y[112] = /forceset/delt_scap_3/activation
y[113] = /forceset/delt_scap_3/fiber_length
y[114] = /forceset/delt_scap_4/activation
y[115] = /forceset/delt_scap_4/fiber_length
y[116] = /forceset/delt_scap_5/activation
y[117] = /forceset/delt_scap_5/fiber_length
y[118] = /forceset/delt_scap_6/activation
y[119] = /forceset/delt_scap_6/fiber_length
y[120] = /forceset/delt_scap_7/activation
y[121] = /forceset/delt_scap_7/fiber_length
y[122] = /forceset/delt_scap_8/activation
y[123] = /forceset/delt_scap_8/fiber_length
y[124] = /forceset/delt_scap_9/activation
y[125] = /forceset/delt_scap_9/fiber_length
y[126] = /forceset/delt_scap10/activation
y[127] = /forceset/delt_scap10/fiber_length
y[128] = /forceset/delt_scap11/activation
y[129] = /forceset/delt_scap11/fiber_length
y[130] = /forceset/delt_clav_1/activation
y[131] = /forceset/delt_clav_1/fiber_length
y[132] = /forceset/delt_clav_2/activation
y[133] = /forceset/delt_clav_2/fiber_length
y[134] = /forceset/delt_clav_3/activation
y[135] = /forceset/delt_clav_3/fiber_length
y[136] = /forceset/delt_clav_4/activation
y[137] = /forceset/delt_clav_4/fiber_length
y[138] = /forceset/tric_long_1/activation
y[139] = /forceset/tric_long_1/fiber_length
y[140] = /forceset/tric_long_2/activation
y[141] = /forceset/tric_long_2/fiber_length
y[142] = /forceset/tric_long_3/activation
y[143] = /forceset/tric_long_3/fiber_length
y[144] = /forceset/tric_long_4/activation
y[145] = /forceset/tric_long_4/fiber_length
y[146] = /forceset/tric_med_1/activation
y[147] = /forceset/tric_med_1/fiber_length
y[148] = /forceset/tric_med_2/activation
y[149] = /forceset/tric_med_2/fiber_length
y[150] = /forceset/tric_med_3/activation
y[151] = /forceset/tric_med_3/fiber_length
y[152] = /forceset/tric_med_4/activation
y[153] = /forceset/tric_med_4/fiber_length
y[154] = /forceset/tric_med_5/activation
y[155] = /forceset/tric_med_5/fiber_length
y[156] = /forceset/tric_lat_1/activation
y[157] = /forceset/tric_lat_1/fiber_length
y[158] = /forceset/tric_lat_2/activation
y[159] = /forceset/tric_lat_2/fiber_length
y[160] = /forceset/tric_lat_3/activation
y[161] = /forceset/tric_lat_3/fiber_length
y[162] = /forceset/tric_lat_4/activation
y[163] = /forceset/tric_lat_4/fiber_length
y[164] = /forceset/tric_lat_5/activation
y[165] = /forceset/tric_lat_5/fiber_length
y[166] = /forceset/bic_l/activation
y[167] = /forceset/bic_l/fiber_length
y[168] = /forceset/bic_s/activation
y[169] = /forceset/bic_s/fiber_length
y[170] = /forceset/coracobr_1/activation
y[171] = /forceset/coracobr_1/fiber_length
y[172] = /forceset/coracobr_2/activation
y[173] = /forceset/coracobr_2/fiber_length
y[174] = /forceset/coracobr_3/activation
y[175] = /forceset/coracobr_3/fiber_length
y[176] = /forceset/brachialis_1/activation
y[177] = /forceset/brachialis_1/fiber_length
y[178] = /forceset/brachialis_2/activation
y[179] = /forceset/brachialis_2/fiber_length
y[180] = /forceset/brachialis_3/activation
y[181] = /forceset/brachialis_3/fiber_length
y[182] = /forceset/brachialis_4/activation
y[183] = /forceset/brachialis_4/fiber_length
y[184] = /forceset/brachialis_5/activation
y[185] = /forceset/brachialis_5/fiber_length
y[186] = /forceset/brachialis_6/activation
y[187] = /forceset/brachialis_6/fiber_length
y[188] = /forceset/brachialis_7/activation
y[189] = /forceset/brachialis_7/fiber_length
y[190] = /forceset/brachiorad_1/activation
y[191] = /forceset/brachiorad_1/fiber_length
y[192] = /forceset/brachiorad_2/activation
y[193] = /forceset/brachiorad_2/fiber_length
y[194] = /forceset/brachiorad_3/activation
y[195] = /forceset/brachiorad_3/fiber_length
y[196] = /forceset/pron_teres_1/activation
y[197] = /forceset/pron_teres_1/fiber_length
y[198] = /forceset/pron_teres_2/activation
y[199] = /forceset/pron_teres_2/fiber_length
y[200] = /forceset/pron_quad_1/activation
y[201] = /forceset/pron_quad_1/fiber_length
y[202] = /forceset/pron_quad_2/activation
y[203] = /forceset/pron_quad_2/fiber_length
y[204] = /forceset/pron_quad_3/activation
y[205] = /forceset/pron_quad_3/fiber_length
y[206] = /forceset/anconeus_1/activation
y[207] = /forceset/anconeus_1/fiber_length
y[208] = /forceset/anconeus_2/activation
y[209] = /forceset/anconeus_2/fiber_length
y[210] = /forceset/anconeus_3/activation
y[211] = /forceset/anconeus_3/fiber_length
y[212] = /forceset/anconeus_4/activation
y[213] = /forceset/anconeus_4/fiber_length
y[214] = /forceset/anconeus_5/activation
y[215] = /forceset/anconeus_5/fiber_length
y[216] = /forceset/supinator_1/activation
y[217] = /forceset/supinator_1/fiber_length
y[218] = /forceset/supinator_2/activation
y[219] = /forceset/supinator_2/fiber_length
y[220] = /forceset/supinator_3/activation
y[221] = /forceset/supinator_3/fiber_length
y[222] = /forceset/supinator_4/activation
y[223] = /forceset/supinator_4/fiber_length
y[224] = /forceset/supinator_5/activation
y[225] = /forceset/supinator_5/fiber_length
y[226] = /forceset/trap_scap_1/activation
y[227] = /forceset/trap_scap_1/fiber_length
y[228] = /forceset/trap_scap_2/activation
y[229] = /forceset/trap_scap_2/fiber_length
y[230] = /forceset/trap_scap_3/activation
y[231] = /forceset/trap_scap_3/fiber_length
y[232] = /forceset/trap_scap_4/activation
y[233] = /forceset/trap_scap_4/fiber_length
y[234] = /forceset/trap_scap_5/activation
y[235] = /forceset/trap_scap_5/fiber_length
y[236] = /forceset/trap_scap_6/activation
y[237] = /forceset/trap_scap_6/fiber_length
y[238] = /forceset/trap_scap_7/activation
y[239] = /forceset/trap_scap_7/fiber_length
y[240] = /forceset/trap_scap_8/activation
y[241] = /forceset/trap_scap_8/fiber_length
y[242] = /forceset/trap_scap_9/activation
y[243] = /forceset/trap_scap_9/fiber_length
y[244] = /forceset/trap_scap10/activation
y[245] = /forceset/trap_scap10/fiber_length
y[246] = /forceset/trap_scap11/activation
y[247] = /forceset/trap_scap11/fiber_length
y[248] = /forceset/ter_min_1/activation
y[249] = /forceset/ter_min_1/fiber_length
y[250] = /forceset/ter_min_2/activation
y[251] = /forceset/ter_min_2/fiber_length
y[252] = /forceset/ter_min_3/activation
y[253] = /forceset/ter_min_3/fiber_length
y[254] = /forceset/ter_maj_1/activation
y[255] = /forceset/ter_maj_1/fiber_length
y[256] = /forceset/ter_maj_2/activation
y[257] = /forceset/ter_maj_2/fiber_length
y[258] = /forceset/ter_maj_3/activation
y[259] = /forceset/ter_maj_3/fiber_length
y[260] = /forceset/ter_maj_4/activation
y[261] = /forceset/ter_maj_4/fiber_length
y[262] = /forceset/supra_1/activation
y[263] = /forceset/supra_1/fiber_length
y[264] = /forceset/supra_2/activation
y[265] = /forceset/supra_2/fiber_length
y[266] = /forceset/supra_3/activation
y[267] = /forceset/supra_3/fiber_length
y[268] = /forceset/supra_4/activation
y[269] = /forceset/supra_4/fiber_length
y[270] = /forceset/infra_1/activation
y[271] = /forceset/infra_1/fiber_length
y[272] = /forceset/infra_2/activation
y[273] = /forceset/infra_2/fiber_length
y[274] = /forceset/infra_3/activation
y[275] = /forceset/infra_3/fiber_length
y[276] = /forceset/infra_4/activation
y[277] = /forceset/infra_4/fiber_length
y[278] = /forceset/infra_5/activation
y[279] = /forceset/infra_5/fiber_length
y[280] = /forceset/infra_6/activation
y[281] = /forceset/infra_6/fiber_length
y[282] = /forceset/trap_scap_1_l/activation
y[283] = /forceset/trap_scap_1_l/fiber_length
y[284] = /forceset/trap_scap_2_l/activation
y[285] = /forceset/trap_scap_2_l/fiber_length
y[286] = /forceset/trap_scap_3_l/activation
y[287] = /forceset/trap_scap_3_l/fiber_length
y[288] = /forceset/trap_scap_4_l/activation
y[289] = /forceset/trap_scap_4_l/fiber_length
y[290] = /forceset/trap_scap_5_l/activation
y[291] = /forceset/trap_scap_5_l/fiber_length
y[292] = /forceset/trap_scap_6_l/activation
y[293] = /forceset/trap_scap_6_l/fiber_length
y[294] = /forceset/trap_scap_7_l/activation
y[295] = /forceset/trap_scap_7_l/fiber_length
y[296] = /forceset/trap_scap_8_l/activation
y[297] = /forceset/trap_scap_8_l/fiber_length
y[298] = /forceset/trap_scap_9_l/activation
y[299] = /forceset/trap_scap_9_l/fiber_length
y[300] = /forceset/trap_scap10_l/activation
y[301] = /forceset/trap_scap10_l/fiber_length
y[302] = /forceset/trap_scap11_l/activation
y[303] = /forceset/trap_scap11_l/fiber_length
y[304] = /forceset/ter_min_1_l/activation
y[305] = /forceset/ter_min_1_l/fiber_length
y[306] = /forceset/ter_min_2_l/activation
y[307] = /forceset/ter_min_2_l/fiber_length
y[308] = /forceset/ter_min_3_l/activation
y[309] = /forceset/ter_min_3_l/fiber_length
y[310] = /forceset/ter_maj_1_l/activation
y[311] = /forceset/ter_maj_1_l/fiber_length
y[312] = /forceset/ter_maj_2_l/activation
y[313] = /forceset/ter_maj_2_l/fiber_length
y[314] = /forceset/ter_maj_3_l/activation
y[315] = /forceset/ter_maj_3_l/fiber_length
y[316] = /forceset/ter_maj_4_l/activation
y[317] = /forceset/ter_maj_4_l/fiber_length
y[318] = /forceset/supra_1_l/activation
y[319] = /forceset/supra_1_l/fiber_length
y[320] = /forceset/supra_2_l/activation
y[321] = /forceset/supra_2_l/fiber_length
y[322] = /forceset/supra_3_l/activation
y[323] = /forceset/supra_3_l/fiber_length
y[324] = /forceset/supra_4_l/activation
y[325] = /forceset/supra_4_l/fiber_length
y[326] = /forceset/infra_1_l/activation
y[327] = /forceset/infra_1_l/fiber_length
y[328] = /forceset/infra_2_l/activation
y[329] = /forceset/infra_2_l/fiber_length
y[330] = /forceset/infra_3_l/activation
y[331] = /forceset/infra_3_l/fiber_length
y[332] = /forceset/infra_4_l/activation
y[333] = /forceset/infra_4_l/fiber_length
y[334] = /forceset/infra_5_l/activation
y[335] = /forceset/infra_5_l/fiber_length
y[336] = /forceset/infra_6_l/activation
y[337] = /forceset/infra_6_l/fiber_length
y[338] = /forceset/delt_scap_1_l/activation
y[339] = /forceset/delt_scap_1_l/fiber_length
y[340] = /forceset/delt_scap_2_l/activation
y[341] = /forceset/delt_scap_2_l/fiber_length
y[342] = /forceset/delt_scap_3_l/activation
y[343] = /forceset/delt_scap_3_l/fiber_length
y[344] = /forceset/delt_scap_4_l/activation
y[345] = /forceset/delt_scap_4_l/fiber_length
y[346] = /forceset/delt_scap_5_l/activation
y[347] = /forceset/delt_scap_5_l/fiber_length
y[348] = /forceset/delt_scap_6_l/activation
y[349] = /forceset/delt_scap_6_l/fiber_length
y[350] = /forceset/delt_scap_7_l/activation
y[351] = /forceset/delt_scap_7_l/fiber_length
y[352] = /forceset/delt_scap_8_l/activation
y[353] = /forceset/delt_scap_8_l/fiber_length
y[354] = /forceset/delt_scap_9_l/activation
y[355] = /forceset/delt_scap_9_l/fiber_length
y[356] = /forceset/delt_scap10_l/activation
y[357] = /forceset/delt_scap10_l/fiber_length
y[358] = /forceset/delt_scap11_l/activation
y[359] = /forceset/delt_scap11_l/fiber_length
y[360] = /forceset/delt_clav_1_l/activation
y[361] = /forceset/delt_clav_1_l/fiber_length
y[362] = /forceset/delt_clav_2_l/activation
y[363] = /forceset/delt_clav_2_l/fiber_length
y[364] = /forceset/delt_clav_3_l/activation
y[365] = /forceset/delt_clav_3_l/fiber_length
y[366] = /forceset/delt_clav_4_l/activation
y[367] = /forceset/delt_clav_4_l/fiber_length
y[368] = /forceset/tric_long_1_l/activation
y[369] = /forceset/tric_long_1_l/fiber_length
y[370] = /forceset/tric_long_2_l/activation
y[371] = /forceset/tric_long_2_l/fiber_length
y[372] = /forceset/tric_long_3_l/activation
y[373] = /forceset/tric_long_3_l/fiber_length
y[374] = /forceset/tric_long_4_l/activation
y[375] = /forceset/tric_long_4_l/fiber_length
y[376] = /forceset/tric_med_1_l/activation
y[377] = /forceset/tric_med_1_l/fiber_length
y[378] = /forceset/tric_med_2_l/activation
y[379] = /forceset/tric_med_2_l/fiber_length
y[380] = /forceset/tric_med_3_l/activation
y[381] = /forceset/tric_med_3_l/fiber_length
y[382] = /forceset/tric_med_4_l/activation
y[383] = /forceset/tric_med_4_l/fiber_length
y[384] = /forceset/tric_med_5_l/activation
y[385] = /forceset/tric_med_5_l/fiber_length
y[386] = /forceset/tric_lat_1_l/activation
y[387] = /forceset/tric_lat_1_l/fiber_length
y[388] = /forceset/tric_lat_2_l/activation
y[389] = /forceset/tric_lat_2_l/fiber_length
y[390] = /forceset/tric_lat_3_l/activation
y[391] = /forceset/tric_lat_3_l/fiber_length
y[392] = /forceset/tric_lat_4_l/activation
y[393] = /forceset/tric_lat_4_l/fiber_length
y[394] = /forceset/tric_lat_5_l/activation
y[395] = /forceset/tric_lat_5_l/fiber_length
y[396] = /forceset/bic_l_l/activation
y[397] = /forceset/bic_l_l/fiber_length
y[398] = /forceset/bic_s_l/activation
y[399] = /forceset/bic_s_l/fiber_length
y[400] = /forceset/brachiorad_1_l/activation
y[401] = /forceset/brachiorad_1_l/fiber_length
y[402] = /forceset/brachiorad_2_l/activation
y[403] = /forceset/brachiorad_2_l/fiber_length
y[404] = /forceset/brachiorad_3_l/activation
y[405] = /forceset/brachiorad_3_l/fiber_length
y[406] = /forceset/brachialis_1_l/activation
y[407] = /forceset/brachialis_1_l/fiber_length
y[408] = /forceset/brachialis_2_l/activation
y[409] = /forceset/brachialis_2_l/fiber_length
y[410] = /forceset/brachialis_3_l/activation
y[411] = /forceset/brachialis_3_l/fiber_length
y[412] = /forceset/brachialis_4_l/activation
y[413] = /forceset/brachialis_4_l/fiber_length
y[414] = /forceset/brachialis_5_l/activation
y[415] = /forceset/brachialis_5_l/fiber_length
y[416] = /forceset/brachialis_6_l/activation
y[417] = /forceset/brachialis_6_l/fiber_length
y[418] = /forceset/brachialis_7_l/activation
y[419] = /forceset/brachialis_7_l/fiber_length
y[420] = /forceset/anconeus_1_l/activation
y[421] = /forceset/anconeus_1_l/fiber_length
y[422] = /forceset/anconeus_2_l/activation
y[423] = /forceset/anconeus_2_l/fiber_length
y[424] = /forceset/anconeus_3_l/activation
y[425] = /forceset/anconeus_3_l/fiber_length
y[426] = /forceset/anconeus_4_l/activation
y[427] = /forceset/anconeus_4_l/fiber_length
y[428] = /forceset/anconeus_5_l/activation
y[429] = /forceset/anconeus_5_l/fiber_length
y[430] = /forceset/pron_quad_1_l/activation
y[431] = /forceset/pron_quad_1_l/fiber_length
y[432] = /forceset/pron_quad_2_l/activation
y[433] = /forceset/pron_quad_2_l/fiber_length
y[434] = /forceset/pron_quad_3_l/activation
y[435] = /forceset/pron_quad_3_l/fiber_length
y[436] = /forceset/pron_teres_1_l/activation
y[437] = /forceset/pron_teres_1_l/fiber_length
y[438] = /forceset/pron_teres_2_l/activation
y[439] = /forceset/pron_teres_2_l/fiber_length
y[440] = /forceset/supinator_1_l/activation
y[441] = /forceset/supinator_1_l/fiber_length
y[442] = /forceset/supinator_2_l/activation
y[443] = /forceset/supinator_2_l/fiber_length
y[444] = /forceset/supinator_3_l/activation
y[445] = /forceset/supinator_3_l/fiber_length
y[446] = /forceset/supinator_4_l/activation
y[447] = /forceset/supinator_4_l/fiber_length
y[448] = /forceset/supinator_5_l/activation
y[449] = /forceset/supinator_5_l/fiber_length
y[450] = /forceset/coracobr_1_l/activation
y[451] = /forceset/coracobr_1_l/fiber_length
y[452] = /forceset/coracobr_2_l/activation
y[453] = /forceset/coracobr_2_l/fiber_length
y[454] = /forceset/coracobr_3_l/activation
y[455] = /forceset/coracobr_3_l/fiber_length
y[456] = /forceset/rhomboid_1/activation
y[457] = /forceset/rhomboid_1/fiber_length
y[458] = /forceset/rhomboid_2/activation
y[459] = /forceset/rhomboid_2/fiber_length
y[460] = /forceset/rhomboid_3/activation
y[461] = /forceset/rhomboid_3/fiber_length
y[462] = /forceset/rhomboid_4/activation
y[463] = /forceset/rhomboid_4/fiber_length
y[464] = /forceset/rhomboid_5/activation
y[465] = /forceset/rhomboid_5/fiber_length
y[466] = /forceset/rhomboid_1_l/activation
y[467] = /forceset/rhomboid_1_l/fiber_length
y[468] = /forceset/rhomboid_2_l/activation
y[469] = /forceset/rhomboid_2_l/fiber_length
y[470] = /forceset/rhomboid_3_l/activation
y[471] = /forceset/rhomboid_3_l/fiber_length
y[472] = /forceset/rhomboid_4_l/activation
y[473] = /forceset/rhomboid_4_l/fiber_length
y[474] = /forceset/rhomboid_5_l/activation
y[475] = /forceset/rhomboid_5_l/fiber_length
y[476] = /forceset/lev_scap_1/activation
y[477] = /forceset/lev_scap_1/fiber_length
y[478] = /forceset/lev_scap_2/activation
y[479] = /forceset/lev_scap_2/fiber_length
y[480] = /forceset/lev_scap_1_l/activation
y[481] = /forceset/lev_scap_1_l/fiber_length
y[482] = /forceset/lev_scap_2_l/activation
y[483] = /forceset/lev_scap_2_l/fiber_length
y[484] = /forceset/subscap_1/activation
y[485] = /forceset/subscap_1/fiber_length
y[486] = /forceset/subscap_2/activation
y[487] = /forceset/subscap_2/fiber_length
y[488] = /forceset/subscap_3/activation
y[489] = /forceset/subscap_3/fiber_length
y[490] = /forceset/subscap_4/activation
y[491] = /forceset/subscap_4/fiber_length
y[492] = /forceset/subscap_5/activation
y[493] = /forceset/subscap_5/fiber_length
y[494] = /forceset/subscap_6/activation
y[495] = /forceset/subscap_6/fiber_length
y[496] = /forceset/subscap_7/activation
y[497] = /forceset/subscap_7/fiber_length
y[498] = /forceset/subscap_8/activation
y[499] = /forceset/subscap_8/fiber_length
y[500] = /forceset/subscap_9/activation
y[501] = /forceset/subscap_9/fiber_length
y[502] = /forceset/subscap10/activation
y[503] = /forceset/subscap10/fiber_length
y[504] = /forceset/subscap11/activation
y[505] = /forceset/subscap11/fiber_length
y[506] = /forceset/subscap_1_l/activation
y[507] = /forceset/subscap_1_l/fiber_length
y[508] = /forceset/subscap_2_l/activation
y[509] = /forceset/subscap_2_l/fiber_length
y[510] = /forceset/subscap_3_l/activation
y[511] = /forceset/subscap_3_l/fiber_length
y[512] = /forceset/subscap_4_l/activation
y[513] = /forceset/subscap_4_l/fiber_length
y[514] = /forceset/subscap_5_l/activation
y[515] = /forceset/subscap_5_l/fiber_length
y[516] = /forceset/subscap_6_l/activation
y[517] = /forceset/subscap_6_l/fiber_length
y[518] = /forceset/subscap_7_l/activation
y[519] = /forceset/subscap_7_l/fiber_length
y[520] = /forceset/subscap_8_l/activation
y[521] = /forceset/subscap_8_l/fiber_length
y[522] = /forceset/subscap_9_l/activation
y[523] = /forceset/subscap_9_l/fiber_length
y[524] = /forceset/subscap10_l/activation
y[525] = /forceset/subscap10_l/fiber_length
y[526] = /forceset/subscap11_l/activation
y[527] = /forceset/subscap11_l/fiber_length
y[528] = /forceset/pect_min_1/activation
y[529] = /forceset/pect_min_1/fiber_length
y[530] = /forceset/pect_min_2/activation
y[531] = /forceset/pect_min_2/fiber_length
y[532] = /forceset/pect_min_3/activation
y[533] = /forceset/pect_min_3/fiber_length
y[534] = /forceset/pect_min_4/activation
y[535] = /forceset/pect_min_4/fiber_length
y[536] = /forceset/pect_maj_t_1/activation
y[537] = /forceset/pect_maj_t_1/fiber_length
y[538] = /forceset/pect_maj_t_2/activation
y[539] = /forceset/pect_maj_t_2/fiber_length
y[540] = /forceset/pect_maj_t_3/activation
y[541] = /forceset/pect_maj_t_3/fiber_length
y[542] = /forceset/pect_maj_t_4/activation
y[543] = /forceset/pect_maj_t_4/fiber_length
y[544] = /forceset/pect_maj_t_5/activation
y[545] = /forceset/pect_maj_t_5/fiber_length
y[546] = /forceset/pect_maj_t_6/activation
y[547] = /forceset/pect_maj_t_6/fiber_length
y[548] = /forceset/pect_maj_c_1/activation
y[549] = /forceset/pect_maj_c_1/fiber_length
y[550] = /forceset/pect_maj_c_2/activation
y[551] = /forceset/pect_maj_c_2/fiber_length
y[552] = /forceset/pect_min_1_l/activation
y[553] = /forceset/pect_min_1_l/fiber_length
y[554] = /forceset/pect_min_2_l/activation
y[555] = /forceset/pect_min_2_l/fiber_length
y[556] = /forceset/pect_min_3_l/activation
y[557] = /forceset/pect_min_3_l/fiber_length
y[558] = /forceset/pect_min_4_l/activation
y[559] = /forceset/pect_min_4_l/fiber_length
y[560] = /forceset/pect_maj_t_1_l/activation
y[561] = /forceset/pect_maj_t_1_l/fiber_length
y[562] = /forceset/pect_maj_t_2_l/activation
y[563] = /forceset/pect_maj_t_2_l/fiber_length
y[564] = /forceset/pect_maj_t_3_l/activation
y[565] = /forceset/pect_maj_t_3_l/fiber_length
y[566] = /forceset/pect_maj_t_4_l/activation
y[567] = /forceset/pect_maj_t_4_l/fiber_length
y[568] = /forceset/pect_maj_t_5_l/activation
y[569] = /forceset/pect_maj_t_5_l/fiber_length
y[570] = /forceset/pect_maj_t_6_l/activation
y[571] = /forceset/pect_maj_t_6_l/fiber_length
y[572] = /forceset/pect_maj_c_1_l/activation
y[573] = /forceset/pect_maj_c_1_l/fiber_length
y[574] = /forceset/pect_maj_c_2_l/activation
y[575] = /forceset/pect_maj_c_2_l/fiber_length
y[576] = /forceset/rect_abd_r/activation
y[577] = /forceset/rect_abd_r/fiber_length
y[578] = /forceset/rect_abd_l/activation
y[579] = /forceset/rect_abd_l/fiber_length
y[580] = /forceset/LD_L1_r/activation
y[581] = /forceset/LD_L1_r/fiber_length
y[582] = /forceset/LD_L2_r/activation
y[583] = /forceset/LD_L2_r/fiber_length
y[584] = /forceset/LD_L3_r/activation
y[585] = /forceset/LD_L3_r/fiber_length
y[586] = /forceset/LD_L4_r/activation
y[587] = /forceset/LD_L4_r/fiber_length
y[588] = /forceset/LD_L5_r/activation
y[589] = /forceset/LD_L5_r/fiber_length
y[590] = /forceset/LD_T12_r/activation
y[591] = /forceset/LD_T12_r/fiber_length
y[592] = /forceset/LD_T11_r/activation
y[593] = /forceset/LD_T11_r/fiber_length
y[594] = /forceset/LD_T10_r/activation
y[595] = /forceset/LD_T10_r/fiber_length
y[596] = /forceset/LD_T9_r/activation
y[597] = /forceset/LD_T9_r/fiber_length
y[598] = /forceset/LD_T8_r/activation
y[599] = /forceset/LD_T8_r/fiber_length
y[600] = /forceset/LD_T7_r/activation
y[601] = /forceset/LD_T7_r/fiber_length
y[602] = /forceset/LD_R12_r/activation
y[603] = /forceset/LD_R12_r/fiber_length
y[604] = /forceset/LD_R11_r/activation
y[605] = /forceset/LD_R11_r/fiber_length
y[606] = /forceset/LD_Il_r/activation
y[607] = /forceset/LD_Il_r/fiber_length
y[608] = /forceset/Ps_L1_VB_r/activation
y[609] = /forceset/Ps_L1_VB_r/fiber_length
y[610] = /forceset/Ps_L1_TP_r/activation
y[611] = /forceset/Ps_L1_TP_r/fiber_length
y[612] = /forceset/Ps_L1_L2_IVD_r/activation
y[613] = /forceset/Ps_L1_L2_IVD_r/fiber_length
y[614] = /forceset/Ps_L2_TP_r/activation
y[615] = /forceset/Ps_L2_TP_r/fiber_length
y[616] = /forceset/Ps_L2_L3_IVD_r/activation
y[617] = /forceset/Ps_L2_L3_IVD_r/fiber_length
y[618] = /forceset/Ps_L3_TP_r/activation
y[619] = /forceset/Ps_L3_TP_r/fiber_length
y[620] = /forceset/Ps_L3_L4_IVD_r/activation
y[621] = /forceset/Ps_L3_L4_IVD_r/fiber_length
y[622] = /forceset/Ps_L4_TP_r/activation
y[623] = /forceset/Ps_L4_TP_r/fiber_length
y[624] = /forceset/Ps_L4_L5_IVD_r/activation
y[625] = /forceset/Ps_L4_L5_IVD_r/fiber_length
y[626] = /forceset/Ps_L5_TP_r/activation
y[627] = /forceset/Ps_L5_TP_r/fiber_length
y[628] = /forceset/Ps_L5_VB_r/activation
y[629] = /forceset/Ps_L5_VB_r/fiber_length
y[630] = /forceset/QL_post_I_1-L3_r/activation
y[631] = /forceset/QL_post_I_1-L3_r/fiber_length
y[632] = /forceset/QL_post_I_2-L4_r/activation
y[633] = /forceset/QL_post_I_2-L4_r/fiber_length
y[634] = /forceset/QL_post_I_2-L3_r/activation
y[635] = /forceset/QL_post_I_2-L3_r/fiber_length
y[636] = /forceset/QL_post_I_2-L2_r/activation
y[637] = /forceset/QL_post_I_2-L2_r/fiber_length
y[638] = /forceset/QL_post_I_3-L1_r/activation
y[639] = /forceset/QL_post_I_3-L1_r/fiber_length
y[640] = /forceset/QL_post_I_3-L2_r/activation
y[641] = /forceset/QL_post_I_3-L2_r/fiber_length
y[642] = /forceset/QL_post_I_3-L3_r/activation
y[643] = /forceset/QL_post_I_3-L3_r/fiber_length
y[644] = /forceset/QL_mid_L3-12_3_r/activation
y[645] = /forceset/QL_mid_L3-12_3_r/fiber_length
y[646] = /forceset/QL_mid_L3-12_2_r/activation
y[647] = /forceset/QL_mid_L3-12_2_r/fiber_length
y[648] = /forceset/QL_mid_L3-12_1_r/activation
y[649] = /forceset/QL_mid_L3-12_1_r/fiber_length
y[650] = /forceset/QL_mid_L2-12_1_r/activation
y[651] = /forceset/QL_mid_L2-12_1_r/fiber_length
y[652] = /forceset/QL_mid_L4-12_3_r/activation
y[653] = /forceset/QL_mid_L4-12_3_r/fiber_length
y[654] = /forceset/QL_ant_I_2-T12_r/activation
y[655] = /forceset/QL_ant_I_2-T12_r/fiber_length
y[656] = /forceset/QL_ant_I_3-T12_r/activation
y[657] = /forceset/QL_ant_I_3-T12_r/fiber_length
y[658] = /forceset/QL_ant_I_2-12_1_r/activation
y[659] = /forceset/QL_ant_I_2-12_1_r/fiber_length
y[660] = /forceset/QL_ant_I_3-12_1_r/activation
y[661] = /forceset/QL_ant_I_3-12_1_r/fiber_length
y[662] = /forceset/QL_ant_I_3-12_2_r/activation
y[663] = /forceset/QL_ant_I_3-12_2_r/fiber_length
y[664] = /forceset/QL_ant_I_3-12_3_r/activation
y[665] = /forceset/QL_ant_I_3-12_3_r/fiber_length
y[666] = /forceset/MF_m1s_r/activation
y[667] = /forceset/MF_m1s_r/fiber_length
y[668] = /forceset/MF_m1t_1_r/activation
y[669] = /forceset/MF_m1t_1_r/fiber_length
y[670] = /forceset/MF_m1t_2_r/activation
y[671] = /forceset/MF_m1t_2_r/fiber_length
y[672] = /forceset/MF_m1t_3_r/activation
y[673] = /forceset/MF_m1t_3_r/fiber_length
y[674] = /forceset/MF_m2s_r/activation
y[675] = /forceset/MF_m2s_r/fiber_length
y[676] = /forceset/MF_m2t_1_r/activation
y[677] = /forceset/MF_m2t_1_r/fiber_length
y[678] = /forceset/MF_m2t_2_r/activation
y[679] = /forceset/MF_m2t_2_r/fiber_length
y[680] = /forceset/MF_m2t_3_r/activation
y[681] = /forceset/MF_m2t_3_r/fiber_length
y[682] = /forceset/MF_m3s_r/activation
y[683] = /forceset/MF_m3s_r/fiber_length
y[684] = /forceset/MF_m3t_1_r/activation
y[685] = /forceset/MF_m3t_1_r/fiber_length
y[686] = /forceset/MF_m3t_2_r/activation
y[687] = /forceset/MF_m3t_2_r/fiber_length
y[688] = /forceset/MF_m3t_3_r/activation
y[689] = /forceset/MF_m3t_3_r/fiber_length
y[690] = /forceset/MF_m4s_r/activation
y[691] = /forceset/MF_m4s_r/fiber_length
y[692] = /forceset/MF_m4t_1_r/activation
y[693] = /forceset/MF_m4t_1_r/fiber_length
y[694] = /forceset/MF_m4t_2_r/activation
y[695] = /forceset/MF_m4t_2_r/fiber_length
y[696] = /forceset/MF_m4t_3_r/activation
y[697] = /forceset/MF_m4t_3_r/fiber_length
y[698] = /forceset/MF_m5s_r/activation
y[699] = /forceset/MF_m5s_r/fiber_length
y[700] = /forceset/MF_m5t_1_r/activation
y[701] = /forceset/MF_m5t_1_r/fiber_length
y[702] = /forceset/MF_m5t_2_r/activation
y[703] = /forceset/MF_m5t_2_r/fiber_length
y[704] = /forceset/MF_m5t_3_r/activation
y[705] = /forceset/MF_m5t_3_r/fiber_length
y[706] = /forceset/MF_m1_laminar_r/activation
y[707] = /forceset/MF_m1_laminar_r/fiber_length
y[708] = /forceset/MF_m2_laminar_r/activation
y[709] = /forceset/MF_m2_laminar_r/fiber_length
y[710] = /forceset/MF_m3_laminar_r/activation
y[711] = /forceset/MF_m3_laminar_r/fiber_length
y[712] = /forceset/MF_m4_laminar_r/activation
y[713] = /forceset/MF_m4_laminar_r/fiber_length
y[714] = /forceset/MF_m5_laminar_r/activation
y[715] = /forceset/MF_m5_laminar_r/fiber_length
y[716] = /forceset/IL_L1_r/activation
y[717] = /forceset/IL_L1_r/fiber_length
y[718] = /forceset/IL_L2_r/activation
y[719] = /forceset/IL_L2_r/fiber_length
y[720] = /forceset/IL_L3_r/activation
y[721] = /forceset/IL_L3_r/fiber_length
y[722] = /forceset/IL_L4_r/activation
y[723] = /forceset/IL_L4_r/fiber_length
y[724] = /forceset/IL_R5_r/activation
y[725] = /forceset/IL_R5_r/fiber_length
y[726] = /forceset/IL_R6_r/activation
y[727] = /forceset/IL_R6_r/fiber_length
y[728] = /forceset/IL_R7_r/activation
y[729] = /forceset/IL_R7_r/fiber_length
y[730] = /forceset/IL_R8_r/activation
y[731] = /forceset/IL_R8_r/fiber_length
y[732] = /forceset/IL_R9_r/activation
y[733] = /forceset/IL_R9_r/fiber_length
y[734] = /forceset/IL_R10_r/activation
y[735] = /forceset/IL_R10_r/fiber_length
y[736] = /forceset/IL_R11_r/activation
y[737] = /forceset/IL_R11_r/fiber_length
y[738] = /forceset/IL_R12_r/activation
y[739] = /forceset/IL_R12_r/fiber_length
y[740] = /forceset/LTpT_T1_r/activation
y[741] = /forceset/LTpT_T1_r/fiber_length
y[742] = /forceset/LTpT_T2_r/activation
y[743] = /forceset/LTpT_T2_r/fiber_length
y[744] = /forceset/LTpT_T3_r/activation
y[745] = /forceset/LTpT_T3_r/fiber_length
y[746] = /forceset/LTpT_T4_r/activation
y[747] = /forceset/LTpT_T4_r/fiber_length
y[748] = /forceset/LTpT_T5_r/activation
y[749] = /forceset/LTpT_T5_r/fiber_length
y[750] = /forceset/LTpT_T6_r/activation
y[751] = /forceset/LTpT_T6_r/fiber_length
y[752] = /forceset/LTpT_T7_r/activation
y[753] = /forceset/LTpT_T7_r/fiber_length
y[754] = /forceset/LTpT_T8_r/activation
y[755] = /forceset/LTpT_T8_r/fiber_length
y[756] = /forceset/LTpT_T9_r/activation
y[757] = /forceset/LTpT_T9_r/fiber_length
y[758] = /forceset/LTpT_T10_r/activation
y[759] = /forceset/LTpT_T10_r/fiber_length
y[760] = /forceset/LTpT_T11_r/activation
y[761] = /forceset/LTpT_T11_r/fiber_length
y[762] = /forceset/LTpT_T12_r/activation
y[763] = /forceset/LTpT_T12_r/fiber_length
y[764] = /forceset/LTpT_R4_r/activation
y[765] = /forceset/LTpT_R4_r/fiber_length
y[766] = /forceset/LTpT_R5_r/activation
y[767] = /forceset/LTpT_R5_r/fiber_length
y[768] = /forceset/LTpT_R6_r/activation
y[769] = /forceset/LTpT_R6_r/fiber_length
y[770] = /forceset/LTpT_R7_r/activation
y[771] = /forceset/LTpT_R7_r/fiber_length
y[772] = /forceset/LTpT_R8_r/activation
y[773] = /forceset/LTpT_R8_r/fiber_length
y[774] = /forceset/LTpT_R9_r/activation
y[775] = /forceset/LTpT_R9_r/fiber_length
y[776] = /forceset/LTpT_R10_r/activation
y[777] = /forceset/LTpT_R10_r/fiber_length
y[778] = /forceset/LTpT_R11_r/activation
y[779] = /forceset/LTpT_R11_r/fiber_length
y[780] = /forceset/LTpT_R12_r/activation
y[781] = /forceset/LTpT_R12_r/fiber_length
y[782] = /forceset/LTpL_L5_r/activation
y[783] = /forceset/LTpL_L5_r/fiber_length
y[784] = /forceset/LTpL_L4_r/activation
y[785] = /forceset/LTpL_L4_r/fiber_length
y[786] = /forceset/LTpL_L3_r/activation
y[787] = /forceset/LTpL_L3_r/fiber_length
y[788] = /forceset/LTpL_L2_r/activation
y[789] = /forceset/LTpL_L2_r/fiber_length
y[790] = /forceset/LTpL_L1_r/activation
y[791] = /forceset/LTpL_L1_r/fiber_length
y[792] = /forceset/EO1_r/activation
y[793] = /forceset/EO1_r/fiber_length
y[794] = /forceset/EO2_r/activation
y[795] = /forceset/EO2_r/fiber_length
y[796] = /forceset/EO3_r/activation
y[797] = /forceset/EO3_r/fiber_length
y[798] = /forceset/EO4_r/activation
y[799] = /forceset/EO4_r/fiber_length
y[800] = /forceset/EO5_r/activation
y[801] = /forceset/EO5_r/fiber_length
y[802] = /forceset/EO6_r/activation
y[803] = /forceset/EO6_r/fiber_length
y[804] = /forceset/IO1_r/activation
y[805] = /forceset/IO1_r/fiber_length
y[806] = /forceset/IO2_r/activation
y[807] = /forceset/IO2_r/fiber_length
y[808] = /forceset/IO3_r/activation
y[809] = /forceset/IO3_r/fiber_length
y[810] = /forceset/IO4_r/activation
y[811] = /forceset/IO4_r/fiber_length
y[812] = /forceset/IO5_r/activation
y[813] = /forceset/IO5_r/fiber_length
y[814] = /forceset/IO6_r/activation
y[815] = /forceset/IO6_r/fiber_length
y[816] = /forceset/rect_abd_l_0/activation
y[817] = /forceset/rect_abd_l_0/fiber_length
y[818] = /forceset/Ps_L1_VB_l/activation
y[819] = /forceset/Ps_L1_VB_l/fiber_length
y[820] = /forceset/Ps_L1_TP_l/activation
y[821] = /forceset/Ps_L1_TP_l/fiber_length
y[822] = /forceset/Ps_L1_L2_IVD_l/activation
y[823] = /forceset/Ps_L1_L2_IVD_l/fiber_length
y[824] = /forceset/Ps_L2_TP_l/activation
y[825] = /forceset/Ps_L2_TP_l/fiber_length
y[826] = /forceset/Ps_L2_L3_IVD_l/activation
y[827] = /forceset/Ps_L2_L3_IVD_l/fiber_length
y[828] = /forceset/Ps_L3_TP_l/activation
y[829] = /forceset/Ps_L3_TP_l/fiber_length
y[830] = /forceset/Ps_L3_L4_IVD_l/activation
y[831] = /forceset/Ps_L3_L4_IVD_l/fiber_length
y[832] = /forceset/Ps_L4_TP_l/activation
y[833] = /forceset/Ps_L4_TP_l/fiber_length
y[834] = /forceset/Ps_L4_L5_IVD_l/activation
y[835] = /forceset/Ps_L4_L5_IVD_l/fiber_length
y[836] = /forceset/Ps_L5_TP_l/activation
y[837] = /forceset/Ps_L5_TP_l/fiber_length
y[838] = /forceset/Ps_L5_VB_l/activation
y[839] = /forceset/Ps_L5_VB_l/fiber_length
y[840] = /forceset/QL_post_I_1-L3_l/activation
y[841] = /forceset/QL_post_I_1-L3_l/fiber_length
y[842] = /forceset/QL_post_I_2-L4_l/activation
y[843] = /forceset/QL_post_I_2-L4_l/fiber_length
y[844] = /forceset/QL_post_I_2-L3_l/activation
y[845] = /forceset/QL_post_I_2-L3_l/fiber_length
y[846] = /forceset/QL_post_I_2-L2_l/activation
y[847] = /forceset/QL_post_I_2-L2_l/fiber_length
y[848] = /forceset/QL_post_I_3-L1_l/activation
y[849] = /forceset/QL_post_I_3-L1_l/fiber_length
y[850] = /forceset/QL_post_I_3-L2_l/activation
y[851] = /forceset/QL_post_I_3-L2_l/fiber_length
y[852] = /forceset/QL_post_I_3-L3_l/activation
y[853] = /forceset/QL_post_I_3-L3_l/fiber_length
y[854] = /forceset/QL_mid_L3-12_3_l/activation
y[855] = /forceset/QL_mid_L3-12_3_l/fiber_length
y[856] = /forceset/QL_mid_L3-12_2_l/activation
y[857] = /forceset/QL_mid_L3-12_2_l/fiber_length
y[858] = /forceset/QL_mid_L3-12_1_l/activation
y[859] = /forceset/QL_mid_L3-12_1_l/fiber_length
y[860] = /forceset/QL_mid_L2-12_1_l/activation
y[861] = /forceset/QL_mid_L2-12_1_l/fiber_length
y[862] = /forceset/QL_mid_L4-12_3_l/activation
y[863] = /forceset/QL_mid_L4-12_3_l/fiber_length
y[864] = /forceset/QL_ant_I_2-T12_l/activation
y[865] = /forceset/QL_ant_I_2-T12_l/fiber_length
y[866] = /forceset/QL_ant_I_3-T12_l/activation
y[867] = /forceset/QL_ant_I_3-T12_l/fiber_length
y[868] = /forceset/QL_ant_I_2-12_1_l/activation
y[869] = /forceset/QL_ant_I_2-12_1_l/fiber_length
y[870] = /forceset/QL_ant_I_3-12_1_l/activation
y[871] = /forceset/QL_ant_I_3-12_1_l/fiber_length
y[872] = /forceset/QL_ant_I_3-12_2_l/activation
y[873] = /forceset/QL_ant_I_3-12_2_l/fiber_length
y[874] = /forceset/QL_ant_I_3-12_3_l/activation
y[875] = /forceset/QL_ant_I_3-12_3_l/fiber_length
y[876] = /forceset/MF_m1s_l/activation
y[877] = /forceset/MF_m1s_l/fiber_length
y[878] = /forceset/MF_m1t_1_l/activation
y[879] = /forceset/MF_m1t_1_l/fiber_length
y[880] = /forceset/MF_m1t_2_l/activation
y[881] = /forceset/MF_m1t_2_l/fiber_length
y[882] = /forceset/MF_m1t_3_l/activation
y[883] = /forceset/MF_m1t_3_l/fiber_length
y[884] = /forceset/MF_m2s_l/activation
y[885] = /forceset/MF_m2s_l/fiber_length
y[886] = /forceset/MF_m2t_1_l/activation
y[887] = /forceset/MF_m2t_1_l/fiber_length
y[888] = /forceset/MF_m2t_2_l/activation
y[889] = /forceset/MF_m2t_2_l/fiber_length
y[890] = /forceset/MF_m2t_3_l/activation
y[891] = /forceset/MF_m2t_3_l/fiber_length
y[892] = /forceset/MF_m3s_l/activation
y[893] = /forceset/MF_m3s_l/fiber_length
y[894] = /forceset/MF_m3t_1_l/activation
y[895] = /forceset/MF_m3t_1_l/fiber_length
y[896] = /forceset/MF_m3t_2_l/activation
y[897] = /forceset/MF_m3t_2_l/fiber_length
y[898] = /forceset/MF_m3t_3_l/activation
y[899] = /forceset/MF_m3t_3_l/fiber_length
y[900] = /forceset/MF_m4s_l/activation
y[901] = /forceset/MF_m4s_l/fiber_length
y[902] = /forceset/MF_m4t_1_l/activation
y[903] = /forceset/MF_m4t_1_l/fiber_length
y[904] = /forceset/MF_m4t_2_l/activation
y[905] = /forceset/MF_m4t_2_l/fiber_length
y[906] = /forceset/MF_m4t_3_l/activation
y[907] = /forceset/MF_m4t_3_l/fiber_length
y[908] = /forceset/MF_m5s_l/activation
y[909] = /forceset/MF_m5s_l/fiber_length
y[910] = /forceset/MF_m5t_1_l/activation
y[911] = /forceset/MF_m5t_1_l/fiber_length
y[912] = /forceset/MF_m5t_2_l/activation
y[913] = /forceset/MF_m5t_2_l/fiber_length
y[914] = /forceset/MF_m5t_3_l/activation
y[915] = /forceset/MF_m5t_3_l/fiber_length
y[916] = /forceset/MF_m1_laminar_l/activation
y[917] = /forceset/MF_m1_laminar_l/fiber_length
y[918] = /forceset/MF_m2_laminar_l/activation
y[919] = /forceset/MF_m2_laminar_l/fiber_length
y[920] = /forceset/MF_m3_laminar_l/activation
y[921] = /forceset/MF_m3_laminar_l/fiber_length
y[922] = /forceset/MF_m4_laminar_l/activation
y[923] = /forceset/MF_m4_laminar_l/fiber_length
y[924] = /forceset/MF_m5_laminar_l/activation
y[925] = /forceset/MF_m5_laminar_l/fiber_length
y[926] = /forceset/IL_L1_l/activation
y[927] = /forceset/IL_L1_l/fiber_length
y[928] = /forceset/IL_L2_l/activation
y[929] = /forceset/IL_L2_l/fiber_length
y[930] = /forceset/IL_L3_l/activation
y[931] = /forceset/IL_L3_l/fiber_length
y[932] = /forceset/IL_L4_l/activation
y[933] = /forceset/IL_L4_l/fiber_length
y[934] = /forceset/IL_R5_l/activation
y[935] = /forceset/IL_R5_l/fiber_length
y[936] = /forceset/IL_R6_l/activation
y[937] = /forceset/IL_R6_l/fiber_length
y[938] = /forceset/IL_R7_l/activation
y[939] = /forceset/IL_R7_l/fiber_length
y[940] = /forceset/IL_R8_l/activation
y[941] = /forceset/IL_R8_l/fiber_length
y[942] = /forceset/IL_R9_l/activation
y[943] = /forceset/IL_R9_l/fiber_length
y[944] = /forceset/IL_R10_l/activation
y[945] = /forceset/IL_R10_l/fiber_length
y[946] = /forceset/IL_R11_l/activation
y[947] = /forceset/IL_R11_l/fiber_length
y[948] = /forceset/IL_R12_l/activation
y[949] = /forceset/IL_R12_l/fiber_length
y[950] = /forceset/LTpT_T1_l/activation
y[951] = /forceset/LTpT_T1_l/fiber_length
y[952] = /forceset/LTpT_T2_l/activation
y[953] = /forceset/LTpT_T2_l/fiber_length
y[954] = /forceset/LTpT_T3_l/activation
y[955] = /forceset/LTpT_T3_l/fiber_length
y[956] = /forceset/LTpT_T4_l/activation
y[957] = /forceset/LTpT_T4_l/fiber_length
y[958] = /forceset/LTpT_T5_l/activation
y[959] = /forceset/LTpT_T5_l/fiber_length
y[960] = /forceset/LTpT_T6_l/activation
y[961] = /forceset/LTpT_T6_l/fiber_length
y[962] = /forceset/LTpT_T7_l/activation
y[963] = /forceset/LTpT_T7_l/fiber_length
y[964] = /forceset/LTpT_T8_l/activation
y[965] = /forceset/LTpT_T8_l/fiber_length
y[966] = /forceset/LTpT_T9_l/activation
y[967] = /forceset/LTpT_T9_l/fiber_length
y[968] = /forceset/LTpT_T10_l/activation
y[969] = /forceset/LTpT_T10_l/fiber_length
y[970] = /forceset/LTpT_T11_l/activation
y[971] = /forceset/LTpT_T11_l/fiber_length
y[972] = /forceset/LTpT_T12_l/activation
y[973] = /forceset/LTpT_T12_l/fiber_length
y[974] = /forceset/LTpT_R4_l/activation
y[975] = /forceset/LTpT_R4_l/fiber_length
y[976] = /forceset/LTpT_R5_l/activation
y[977] = /forceset/LTpT_R5_l/fiber_length
y[978] = /forceset/LTpT_R6_l/activation
y[979] = /forceset/LTpT_R6_l/fiber_length
y[980] = /forceset/LTpT_R7_l/activation
y[981] = /forceset/LTpT_R7_l/fiber_length
y[982] = /forceset/LTpT_R8_l/activation
y[983] = /forceset/LTpT_R8_l/fiber_length
y[984] = /forceset/LTpT_R9_l/activation
y[985] = /forceset/LTpT_R9_l/fiber_length
y[986] = /forceset/LTpT_R10_l/activation
y[987] = /forceset/LTpT_R10_l/fiber_length
y[988] = /forceset/LTpT_R11_l/activation
y[989] = /forceset/LTpT_R11_l/fiber_length
y[990] = /forceset/LTpT_R12_l/activation
y[991] = /forceset/LTpT_R12_l/fiber_length
y[992] = /forceset/LTpL_L5_l/activation
y[993] = /forceset/LTpL_L5_l/fiber_length
y[994] = /forceset/LTpL_L4_l/activation
y[995] = /forceset/LTpL_L4_l/fiber_length
y[996] = /forceset/LTpL_L3_l/activation
y[997] = /forceset/LTpL_L3_l/fiber_length
y[998] = /forceset/LTpL_L2_l/activation
y[999] = /forceset/LTpL_L2_l/fiber_length
y[1000] = /forceset/LTpL_L1_l/activation
y[1001] = /forceset/LTpL_L1_l/fiber_length
y[1002] = /forceset/EO1_l/activation
y[1003] = /forceset/EO1_l/fiber_length
y[1004] = /forceset/EO2_l/activation
y[1005] = /forceset/EO2_l/fiber_length
y[1006] = /forceset/EO3_l/activation
y[1007] = /forceset/EO3_l/fiber_length
y[1008] = /forceset/EO4_l/activation
y[1009] = /forceset/EO4_l/fiber_length
y[1010] = /forceset/EO5_l/activation
y[1011] = /forceset/EO5_l/fiber_length
y[1012] = /forceset/EO6_l/activation
y[1013] = /forceset/EO6_l/fiber_length
y[1014] = /forceset/IO1_l/activation
y[1015] = /forceset/IO1_l/fiber_length
y[1016] = /forceset/IO2_l/activation
y[1017] = /forceset/IO2_l/fiber_length
y[1018] = /forceset/IO3_l/activation
y[1019] = /forceset/IO3_l/fiber_length
y[1020] = /forceset/IO4_l/activation
y[1021] = /forceset/IO4_l/fiber_length
y[1022] = /forceset/IO5_l/activation
y[1023] = /forceset/IO5_l/fiber_length
y[1024] = /forceset/IO6_l/activation
y[1025] = /forceset/IO6_l/fiber_length
y[1026] = /forceset/LD_L1_l/activation
y[1027] = /forceset/LD_L1_l/fiber_length
y[1028] = /forceset/LD_L2_l/activation
y[1029] = /forceset/LD_L2_l/fiber_length
y[1030] = /forceset/LD_L3_l/activation
y[1031] = /forceset/LD_L3_l/fiber_length
y[1032] = /forceset/LD_L4_l/activation
y[1033] = /forceset/LD_L4_l/fiber_length
y[1034] = /forceset/LD_L5_l/activation
y[1035] = /forceset/LD_L5_l/fiber_length
y[1036] = /forceset/LD_T12_l/activation
y[1037] = /forceset/LD_T12_l/fiber_length
y[1038] = /forceset/LD_T11_l/activation
y[1039] = /forceset/LD_T11_l/fiber_length
y[1040] = /forceset/LD_T10_l/activation
y[1041] = /forceset/LD_T10_l/fiber_length
y[1042] = /forceset/LD_T9_l/activation
y[1043] = /forceset/LD_T9_l/fiber_length
y[1044] = /forceset/LD_T8_l/activation
y[1045] = /forceset/LD_T8_l/fiber_length
y[1046] = /forceset/LD_T7_l/activation
y[1047] = /forceset/LD_T7_l/fiber_length
y[1048] = /forceset/LD_R12_l/activation
y[1049] = /forceset/LD_R12_l/fiber_length
y[1050] = /forceset/LD_R11_l/activation
y[1051] = /forceset/LD_R11_l/fiber_length
y[1052] = /forceset/LD_Il_l/activation
y[1053] = /forceset/LD_Il_l/fiber_length

[2024-05-13 00:55:08.953] [info] Integrating from 0.0 to 5.0.
[2024-05-13 00:55:09.169] [warning] Coordinate.setValue:  coordinate Abs_t1 is locked. Unable to change its value.
[2024-05-13 00:55:09.169] [warning] Coordinate.setValue:  coordinate Abs_t2 is locked. Unable to change its value.
[2024-05-13 00:55:17.644] [error] ForwardTool::run() caught an exception: 
 Operation Aborted
[2024-05-13 00:56:33.419] [info] Loaded marker file D:\WorkDirectory\Rehab_Project\Mazen0006.trc (42 markers, 6000 frames)
[2024-05-13 00:57:25.023] [info] Loaded marker file D:\WorkDirectory\Rehab_Project\Mazen0006.trc (42 markers, 6000 frames)
[2024-05-13 01:00:21.607] [info] Updated markers in model Subject-test
[2024-05-13 01:00:21.607] [info] Updated markers in model Subject-test
[2024-05-13 01:00:38.444] [info] Loaded marker file D:\WorkDirectory\Rehab_Project\Mazen0006.trc (42 markers, 6000 frames)
[2024-05-13 01:01:09.709] [info] Step 2: Scaling generic model
[2024-05-13 01:02:10.915] [info] Loaded marker file D:\WorkDirectory\Rehab_Project\Mazen0006.trc (42 markers, 6000 frames)
[2024-05-13 01:02:41.646] [info] Loaded marker file D:\WorkDirectory\Rehab_Project\Mazen0006.trc (42 markers, 6000 frames)
[2024-05-13 01:02:46.253] [info] Updated markers in model Subject-test-scaled
[2024-05-13 01:02:46.253] [info] Updated markers in model Subject-test-scaled
[2024-05-13 01:03:04.373] [info] Loaded marker file D:\WorkDirectory\Rehab_Project\Mazen0006.trc (42 markers, 6000 frames)
